[23-Mar-2021 03:49:23 UTC] PHP Warning:  Cannot modify header information - headers already sent by (output started at /var/www/html/raisedbet/backend/wp-includes/script-loader.php:2119) in /var/www/html/raisedbet/backend/wp-content/plugins/sitepress-multilingual-cms/classes/REST/Status.php on line 62
[23-Mar-2021 03:49:23 UTC] PHP Warning:  Cannot modify header information - headers already sent by (output started at /var/www/html/raisedbet/backend/wp-includes/script-loader.php:2119) in /var/www/html/raisedbet/backend/wp-content/plugins/sitepress-multilingual-cms/classes/REST/Status.php on line 62
[20-Aug-2021 12:08:04 UTC] PHP Fatal error:  Uncaught Error: Call to undefined function mysql_connect() in /var/www/html/backend/wp-includes/wp-db.php:1685
Stack trace:
#0 /var/www/html/backend/wp-includes/wp-db.php(632): wpdb->db_connect()
#1 /var/www/html/backend/wp-includes/load.php(558): wpdb->__construct('root', 'root', 'uniclub_demo', '127.0.0.1')
#2 /var/www/html/backend/wp-settings.php(124): require_wp_db()
#3 /var/www/html/backend/local-config.php(109): require_once('/var/www/html/b...')
#4 /var/www/html/backend/wp-config.php(4): include('/var/www/html/b...')
#5 /var/www/html/backend/wp-load.php(50): require_once('/var/www/html/b...')
#6 /var/www/html/backend/wp-blog-header.php(13): require_once('/var/www/html/b...')
#7 /var/www/html/backend/index.php(17): require('/var/www/html/b...')
#8 {main}
  thrown in /var/www/html/backend/wp-includes/wp-db.php on line 1685
[20-Aug-2021 12:08:08 UTC] PHP Fatal error:  Uncaught Error: Call to undefined function mysql_connect() in /var/www/html/backend/wp-includes/wp-db.php:1685
Stack trace:
#0 /var/www/html/backend/wp-includes/wp-db.php(632): wpdb->db_connect()
#1 /var/www/html/backend/wp-includes/load.php(558): wpdb->__construct('root', 'root', 'uniclub_demo', '127.0.0.1')
#2 /var/www/html/backend/wp-settings.php(124): require_wp_db()
#3 /var/www/html/backend/local-config.php(109): require_once('/var/www/html/b...')
#4 /var/www/html/backend/wp-config.php(4): include('/var/www/html/b...')
#5 /var/www/html/backend/wp-load.php(50): require_once('/var/www/html/b...')
#6 /var/www/html/backend/wp-admin/admin.php(34): require_once('/var/www/html/b...')
#7 /var/www/html/backend/wp-admin/index.php(10): require_once('/var/www/html/b...')
#8 {main}
  thrown in /var/www/html/backend/wp-includes/wp-db.php on line 1685
[20-Aug-2021 13:26:08 UTC] PHP Fatal error:  Uncaught Error: Call to undefined function mysql_connect() in /var/www/html/backend/wp-includes/wp-db.php:1685
Stack trace:
#0 /var/www/html/backend/wp-includes/wp-db.php(632): wpdb->db_connect()
#1 /var/www/html/backend/wp-includes/load.php(558): wpdb->__construct('root', 'root', 'uniclub_demo', '127.0.0.1')
#2 /var/www/html/backend/wp-settings.php(124): require_wp_db()
#3 /var/www/html/backend/local-config.php(109): require_once('/var/www/html/b...')
#4 /var/www/html/backend/wp-config.php(4): include('/var/www/html/b...')
#5 /var/www/html/backend/wp-load.php(50): require_once('/var/www/html/b...')
#6 /var/www/html/backend/wp-admin/admin.php(34): require_once('/var/www/html/b...')
#7 /var/www/html/backend/wp-admin/index.php(10): require_once('/var/www/html/b...')
#8 {main}
  thrown in /var/www/html/backend/wp-includes/wp-db.php on line 1685
[20-Aug-2021 16:43:33 UTC] PHP Fatal error:  Uncaught Error: Call to undefined function mysql_connect() in /var/www/html/backend/wp-includes/wp-db.php:1685
Stack trace:
#0 /var/www/html/backend/wp-includes/wp-db.php(632): wpdb->db_connect()
#1 /var/www/html/backend/wp-includes/load.php(558): wpdb->__construct('root', 'root', 'uniclub_demo', '127.0.0.1')
#2 /var/www/html/backend/wp-settings.php(124): require_wp_db()
#3 /var/www/html/backend/local-config.php(109): require_once('/var/www/html/b...')
#4 /var/www/html/backend/wp-config.php(4): include('/var/www/html/b...')
#5 /var/www/html/backend/wp-load.php(50): require_once('/var/www/html/b...')
#6 /var/www/html/backend/wp-admin/admin.php(34): require_once('/var/www/html/b...')
#7 /var/www/html/backend/wp-admin/index.php(10): require_once('/var/www/html/b...')
#8 {main}
  thrown in /var/www/html/backend/wp-includes/wp-db.php on line 1685
[20-Aug-2021 16:43:35 UTC] PHP Fatal error:  Uncaught Error: Call to undefined function mysql_connect() in /var/www/html/backend/wp-includes/wp-db.php:1685
Stack trace:
#0 /var/www/html/backend/wp-includes/wp-db.php(632): wpdb->db_connect()
#1 /var/www/html/backend/wp-includes/load.php(558): wpdb->__construct('root', 'root', 'uniclub_demo', '127.0.0.1')
#2 /var/www/html/backend/wp-settings.php(124): require_wp_db()
#3 /var/www/html/backend/local-config.php(109): require_once('/var/www/html/b...')
#4 /var/www/html/backend/wp-config.php(4): include('/var/www/html/b...')
#5 /var/www/html/backend/wp-load.php(50): require_once('/var/www/html/b...')
#6 /var/www/html/backend/wp-admin/admin.php(34): require_once('/var/www/html/b...')
#7 /var/www/html/backend/wp-admin/index.php(10): require_once('/var/www/html/b...')
#8 {main}
  thrown in /var/www/html/backend/wp-includes/wp-db.php on line 1685
[20-Aug-2021 16:43:36 UTC] PHP Fatal error:  Uncaught Error: Call to undefined function mysql_connect() in /var/www/html/backend/wp-includes/wp-db.php:1685
Stack trace:
#0 /var/www/html/backend/wp-includes/wp-db.php(632): wpdb->db_connect()
#1 /var/www/html/backend/wp-includes/load.php(558): wpdb->__construct('root', 'root', 'uniclub_demo', '127.0.0.1')
#2 /var/www/html/backend/wp-settings.php(124): require_wp_db()
#3 /var/www/html/backend/local-config.php(109): require_once('/var/www/html/b...')
#4 /var/www/html/backend/wp-config.php(4): include('/var/www/html/b...')
#5 /var/www/html/backend/wp-load.php(50): require_once('/var/www/html/b...')
#6 /var/www/html/backend/wp-admin/admin.php(34): require_once('/var/www/html/b...')
#7 /var/www/html/backend/wp-admin/index.php(10): require_once('/var/www/html/b...')
#8 {main}
  thrown in /var/www/html/backend/wp-includes/wp-db.php on line 1685
[20-Aug-2021 16:43:36 UTC] PHP Fatal error:  Uncaught Error: Call to undefined function mysql_connect() in /var/www/html/backend/wp-includes/wp-db.php:1685
Stack trace:
#0 /var/www/html/backend/wp-includes/wp-db.php(632): wpdb->db_connect()
#1 /var/www/html/backend/wp-includes/load.php(558): wpdb->__construct('root', 'root', 'uniclub_demo', '127.0.0.1')
#2 /var/www/html/backend/wp-settings.php(124): require_wp_db()
#3 /var/www/html/backend/local-config.php(109): require_once('/var/www/html/b...')
#4 /var/www/html/backend/wp-config.php(4): include('/var/www/html/b...')
#5 /var/www/html/backend/wp-load.php(50): require_once('/var/www/html/b...')
#6 /var/www/html/backend/wp-admin/admin.php(34): require_once('/var/www/html/b...')
#7 /var/www/html/backend/wp-admin/index.php(10): require_once('/var/www/html/b...')
#8 {main}
  thrown in /var/www/html/backend/wp-includes/wp-db.php on line 1685
[20-Aug-2021 16:45:33 UTC] PHP Fatal error:  Uncaught Error: Call to undefined function mysql_connect() in /var/www/html/backend/wp-includes/wp-db.php:1685
Stack trace:
#0 /var/www/html/backend/wp-includes/wp-db.php(632): wpdb->db_connect()
#1 /var/www/html/backend/wp-includes/load.php(558): wpdb->__construct('root', 'root', 'uniclub_demo', '127.0.0.1')
#2 /var/www/html/backend/wp-settings.php(124): require_wp_db()
#3 /var/www/html/backend/local-config.php(109): require_once('/var/www/html/b...')
#4 /var/www/html/backend/wp-config.php(4): include('/var/www/html/b...')
#5 /var/www/html/backend/wp-load.php(50): require_once('/var/www/html/b...')
#6 /var/www/html/backend/wp-blog-header.php(13): require_once('/var/www/html/b...')
#7 /var/www/html/backend/index.php(17): require('/var/www/html/b...')
#8 {main}
  thrown in /var/www/html/backend/wp-includes/wp-db.php on line 1685
[20-Aug-2021 16:45:41 UTC] PHP Fatal error:  Uncaught Error: Call to undefined function mysql_connect() in /var/www/html/backend/wp-includes/wp-db.php:1685
Stack trace:
#0 /var/www/html/backend/wp-includes/wp-db.php(632): wpdb->db_connect()
#1 /var/www/html/backend/wp-includes/load.php(558): wpdb->__construct('root', 'root', 'uniclub_demo', '127.0.0.1')
#2 /var/www/html/backend/wp-settings.php(124): require_wp_db()
#3 /var/www/html/backend/local-config.php(109): require_once('/var/www/html/b...')
#4 /var/www/html/backend/wp-config.php(4): include('/var/www/html/b...')
#5 /var/www/html/backend/wp-load.php(50): require_once('/var/www/html/b...')
#6 /var/www/html/backend/wp-admin/admin.php(34): require_once('/var/www/html/b...')
#7 /var/www/html/backend/wp-admin/index.php(10): require_once('/var/www/html/b...')
#8 {main}
  thrown in /var/www/html/backend/wp-includes/wp-db.php on line 1685
[20-Aug-2021 16:50:19 UTC] PHP Fatal error:  Uncaught Error: Call to undefined function mysql_connect() in /var/www/html/backend/wp-includes/wp-db.php:1685
Stack trace:
#0 /var/www/html/backend/wp-includes/wp-db.php(632): wpdb->db_connect()
#1 /var/www/html/backend/wp-includes/load.php(558): wpdb->__construct('root', 'root', 'uniclub_demo', '127.0.0.1')
#2 /var/www/html/backend/wp-settings.php(124): require_wp_db()
#3 /var/www/html/backend/local-config.php(109): require_once('/var/www/html/b...')
#4 /var/www/html/backend/wp-config.php(4): include('/var/www/html/b...')
#5 /var/www/html/backend/wp-load.php(50): require_once('/var/www/html/b...')
#6 /var/www/html/backend/wp-admin/admin.php(34): require_once('/var/www/html/b...')
#7 /var/www/html/backend/wp-admin/index.php(10): require_once('/var/www/html/b...')
#8 {main}
  thrown in /var/www/html/backend/wp-includes/wp-db.php on line 1685
[20-Aug-2021 16:51:38 UTC] PHP Fatal error:  Uncaught Error: Call to undefined function mysql_connect() in /var/www/html/backend/wp-includes/wp-db.php:1685
Stack trace:
#0 /var/www/html/backend/wp-includes/wp-db.php(632): wpdb->db_connect()
#1 /var/www/html/backend/wp-includes/load.php(558): wpdb->__construct('root', 'root', 'uniclub_demo', '127.0.0.1')
#2 /var/www/html/backend/wp-settings.php(124): require_wp_db()
#3 /var/www/html/backend/local-config.php(109): require_once('/var/www/html/b...')
#4 /var/www/html/backend/wp-config.php(4): include('/var/www/html/b...')
#5 /var/www/html/backend/wp-load.php(50): require_once('/var/www/html/b...')
#6 /var/www/html/backend/wp-admin/admin.php(34): require_once('/var/www/html/b...')
#7 /var/www/html/backend/wp-admin/index.php(10): require_once('/var/www/html/b...')
#8 {main}
  thrown in /var/www/html/backend/wp-includes/wp-db.php on line 1685
[20-Aug-2021 16:51:43 UTC] PHP Fatal error:  Uncaught Error: Call to undefined function mysql_connect() in /var/www/html/backend/wp-includes/wp-db.php:1685
Stack trace:
#0 /var/www/html/backend/wp-includes/wp-db.php(632): wpdb->db_connect()
#1 /var/www/html/backend/wp-includes/load.php(558): wpdb->__construct('root', 'root', 'uniclub_demo', '127.0.0.1')
#2 /var/www/html/backend/wp-settings.php(124): require_wp_db()
#3 /var/www/html/backend/local-config.php(109): require_once('/var/www/html/b...')
#4 /var/www/html/backend/wp-config.php(4): include('/var/www/html/b...')
#5 /var/www/html/backend/wp-load.php(50): require_once('/var/www/html/b...')
#6 /var/www/html/backend/wp-admin/admin.php(34): require_once('/var/www/html/b...')
#7 /var/www/html/backend/wp-admin/index.php(10): require_once('/var/www/html/b...')
#8 {main}
  thrown in /var/www/html/backend/wp-includes/wp-db.php on line 1685
[20-Aug-2021 16:51:43 UTC] PHP Fatal error:  Uncaught Error: Call to undefined function mysql_connect() in /var/www/html/backend/wp-includes/wp-db.php:1685
Stack trace:
#0 /var/www/html/backend/wp-includes/wp-db.php(632): wpdb->db_connect()
#1 /var/www/html/backend/wp-includes/load.php(558): wpdb->__construct('root', 'root', 'uniclub_demo', '127.0.0.1')
#2 /var/www/html/backend/wp-settings.php(124): require_wp_db()
#3 /var/www/html/backend/local-config.php(109): require_once('/var/www/html/b...')
#4 /var/www/html/backend/wp-config.php(4): include('/var/www/html/b...')
#5 /var/www/html/backend/wp-load.php(50): require_once('/var/www/html/b...')
#6 /var/www/html/backend/wp-admin/admin.php(34): require_once('/var/www/html/b...')
#7 /var/www/html/backend/wp-admin/index.php(10): require_once('/var/www/html/b...')
#8 {main}
  thrown in /var/www/html/backend/wp-includes/wp-db.php on line 1685
